mode=build | 10 commit(s) | workers=1 | sandbox=convsafe port=31000 | free 76.3 GB | config c77842583f5b
mounted /Volumes/convsafe (image free 8.3 GB)

[1/10] 2026-05-26 04e63ab53 building...
    ACL v2           unit/acl-v2                no-summary  | sys free 76.1 GB
    ACL              unit/acl                      112/112  | sys free 76.1 GB
    AOF rewrite      unit/aofrw                 no-summary  | sys free 76.1 GB
    Auth             unit/auth                       16/16  | sys free 76.1 GB
    Bitfield         unit/bitfield                   18/18  | sys free 76.1 GB
    Bitops           unit/bitops                     50/50  | sys free 76.1 GB
    Client eviction  unit/client-eviction            14/14  | sys free 76.1 GB
    Command log      unit/commandlog                 14/14  | sys free 76.1 GB
    Dump/Restore     unit/dump                       27/27  | sys free 76.1 GB
    Expire           unit/expire                     65/65  | sys free 76.1 GB
    Functions        unit/functions                  94/94  | sys free 76.1 GB
    Fuzzer           unit/fuzzer                       1/1  | sys free 76.1 GB
    Geo              unit/geo                        71/71  | sys free 76.1 GB
    Hash field expiry unit/hashexpire            no-summary  | sys free 76.1 GB
    HyperLogLog      unit/hyperloglog                26/26  | sys free 76.1 GB
    INFO command     unit/info-command                 5/5  | sys free 76.1 GB
    INFO             unit/info                       24/24  | sys free 76.1 GB
    Introspection (2) unit/introspection-2            49/49  | sys free 76.1 GB
    Introspection    unit/introspection            113/113  | sys free 76.0 GB
    Keyspace         unit/keyspace                   65/65  | sys free 76.0 GB
    Latency monitor  unit/latency-monitor            12/12  | sys free 76.0 GB
    Lazy free        unit/lazyfree                     4/4  | sys free 76.0 GB
    Limits           unit/limits                       1/1  | sys free 76.0 GB
    Max-memory       unit/maxmemory                timeout  | sys free 75.9 GB
    Memory efficiency unit/memefficiency                5/5  | sys free 75.9 GB
    Transactions     unit/multi                      47/48  | sys free 75.9 GB
    Networking       unit/networking            no-summary  | sys free 75.9 GB
    Output-buffer limits unit/obuf-limits                13/13  | sys free 75.9 GB
    Other ops        unit/other                      27/27  | sys free 75.9 GB
    CLIENT PAUSE     unit/pause                 no-summary  | sys free 75.9 GB
    Protocol         unit/protocol                   28/28  | sys free 75.9 GB
    Pub/Sub          unit/pubsub                     35/35  | sys free 75.9 GB
    Sharded pub/sub  unit/pubsubshard                11/11  | sys free 75.9 GB
    Query buffer     unit/querybuf                     2/2  | sys free 75.9 GB
    QUIT             unit/quit                         3/3  | sys free 75.9 GB
    Reply buffer     unit/replybufsize                 0/0  | sys free 75.9 GB
    Scan             unit/scan                       21/21  | sys free 75.9 GB
    Scripting        unit/scripting                420/420  | sys free 75.8 GB
    Shutdown         unit/shutdown                     9/9  | sys free 75.9 GB
    Slow log         unit/slowlog                    13/13  | sys free 75.9 GB
    Sort             unit/sort                       54/54  | sys free 75.9 GB
    Client tracking  unit/tracking                   59/59  | sys free 75.9 GB
    Violations       unit/violations                   1/1  | sys free 75.9 GB
    WAIT             unit/wait                       38/39  | sys free 75.9 GB
    Hashes           unit/type/hash                  83/83  | sys free 75.9 GB
    Incr             unit/type/incr                  31/31  | sys free 75.9 GB
    Lists (large)    unit/type/list-2                  2/2  | sys free 75.9 GB
    Lists (edge)     unit/type/list-3                11/11  | sys free 75.8 GB
    Lists            unit/type/list                254/254  | sys free 75.8 GB
    Sets             unit/type/set                 114/114  | sys free 75.8 GB
    Stream groups    unit/type/stream-cgroups   no-summary  | sys free 75.8 GB
    Streams          unit/type/stream              timeout  | sys free 75.7 GB
    Strings          unit/type/string              104/104  | sys free 75.7 GB
    Sorted sets      unit/type/zset                318/318  | sys free 75.7 GB
    -> 2484 passing | sys free 75.7 GB
[2/10] 2026-05-25 f4c16b7bf building...
    ACL v2           unit/acl-v2                     72/72  | sys free 75.6 GB
    ACL              unit/acl                      111/112  | sys free 75.6 GB
    AOF rewrite      unit/aofrw                 no-summary  | sys free 75.6 GB
    Auth             unit/auth                       16/16  | sys free 75.6 GB
    Bitfield         unit/bitfield                   18/18  | sys free 75.6 GB
    Bitops           unit/bitops                     50/50  | sys free 75.6 GB
    Client eviction  unit/client-eviction            14/14  | sys free 75.6 GB
    Command log      unit/commandlog                 14/14  | sys free 75.6 GB
    Dump/Restore     unit/dump                       26/27  | sys free 75.6 GB
    Expire           unit/expire                     63/65  | sys free 75.6 GB
    Functions        unit/functions                  94/94  | sys free 75.6 GB
    Fuzzer           unit/fuzzer                       1/1  | sys free 75.6 GB
    Geo              unit/geo                        71/71  | sys free 75.6 GB
    Hash field expiry unit/hashexpire               timeout  | sys free 75.4 GB
    HyperLogLog      unit/hyperloglog                26/26  | sys free 75.0 GB
    INFO command     unit/info-command                 5/5  | sys free 75.0 GB
    INFO             unit/info                  no-summary  | sys free 75.0 GB
    Introspection (2) unit/introspection-2            49/49  | sys free 74.9 GB
    Introspection    unit/introspection            113/113  | sys free 74.7 GB
    Keyspace         unit/keyspace              no-summary  | sys free 74.7 GB
    Latency monitor  unit/latency-monitor            12/12  | sys free 74.9 GB
    Lazy free        unit/lazyfree                     3/4  | sys free 74.9 GB
    Limits           unit/limits                no-summary  | sys free 74.9 GB
    Max-memory       unit/maxmemory                timeout  | sys free 74.9 GB
    Memory efficiency unit/memefficiency                5/5  | sys free 74.9 GB
    Transactions     unit/multi                 no-summary  | sys free 74.9 GB
    Networking       unit/networking                   3/5  | sys free 74.9 GB
    Output-buffer limits unit/obuf-limits                13/13  | sys free 74.9 GB
    Other ops        unit/other                 no-summary  | sys free 74.9 GB
    CLIENT PAUSE     unit/pause                    timeout  | sys free 74.9 GB
    Protocol         unit/protocol                   28/28  | sys free 74.9 GB
    Pub/Sub          unit/pubsub                     35/35  | sys free 74.9 GB
    Sharded pub/sub  unit/pubsubshard                11/11  | sys free 74.9 GB
    Query buffer     unit/querybuf                     2/2  | sys free 74.9 GB
    QUIT             unit/quit                         3/3  | sys free 74.9 GB
    Reply buffer     unit/replybufsize                 0/0  | sys free 74.9 GB
    Scan             unit/scan                       21/21  | sys free 74.9 GB
    Scripting        unit/scripting                419/420  | sys free 74.9 GB
    Shutdown         unit/shutdown              no-summary  | sys free 74.9 GB
    Slow log         unit/slowlog                    13/13  | sys free 74.9 GB
    Sort             unit/sort                       54/54  | sys free 74.9 GB
    Client tracking  unit/tracking                   59/59  | sys free 74.9 GB
    Violations       unit/violations                   1/1  | sys free 74.9 GB
    WAIT             unit/wait                       39/39  | sys free 74.9 GB
    Hashes           unit/type/hash                  83/83  | sys free 74.9 GB
    Incr             unit/type/incr                  31/31  | sys free 74.9 GB
    Lists (large)    unit/type/list-2                  2/2  | sys free 74.9 GB
    Lists (edge)     unit/type/list-3                11/11  | sys free 74.9 GB
    Lists            unit/type/list                254/254  | sys free 74.9 GB
    Sets             unit/type/set                 114/114  | sys free 74.9 GB
    Stream groups    unit/type/stream-cgroups   no-summary  | sys free 74.9 GB
    Streams          unit/type/stream              timeout  | sys free 74.8 GB
    Strings          unit/type/string              104/104  | sys free 74.8 GB
    Sorted sets      unit/type/zset                318/318  | sys free 74.8 GB
    -> 2381 passing | sys free 74.8 GB
[3/10] 2026-05-24 32667a1b6 building...
    ACL v2           unit/acl-v2                no-summary  | sys free 74.8 GB
    ACL              unit/acl                      112/112  | sys free 74.8 GB
    AOF rewrite      unit/aofrw                 no-summary  | sys free 74.8 GB
    Auth             unit/auth                     timeout  | sys free 74.8 GB
    Bitfield         unit/bitfield                   18/18  | sys free 74.8 GB
    Bitops           unit/bitops                     50/50  | sys free 74.8 GB
    Client eviction  unit/client-eviction          timeout  | sys free 74.8 GB
    Command log      unit/commandlog                 14/14  | sys free 74.8 GB
    Dump/Restore     unit/dump                       26/27  | sys free 74.8 GB
    Expire           unit/expire                     65/65  | sys free 74.7 GB
